<?xml version="1.0" encoding="UTF-8"?>
<!-- Generated by org.testng.reporters.JUnitReportReporter -->
<testsuite hostname="xuxu" failures="0" tests="3" name="TestNgStudy.ParamDataTest" time="0.012" errors="0" timestamp="2022-07-19T14:11:42 CST" skipped="0">
  <testcase classname="TestNgStudy.ParamDataTest" name="TestUserLogin4" time="0.000"/>
  <system-out/>
  <testcase classname="TestNgStudy.ParamDataTest" name="TestUserLogin3" time="0.000"/>
  <system-out/>
  <testcase classname="TestNgStudy.ParamDataTest" name="TestUserLogin1" time="0.012"/>
  <system-out/>
</testsuite> <!-- TestNgStudy.ParamDataTest -->
