<?xml version="1.0" encoding="UTF-8"?>
<!-- Generated by org.testng.reporters.JUnitReportReporter -->
<testsuite hostname="xuxu" failures="0" tests="8" name="TestNgStudy.ParamDataPlusTest" time="0.018" errors="0" timestamp="2022-07-19T17:50:45 CST" skipped="0">
  <testcase classname="TestNgStudy.ParamDataPlusTest" name="LoginTestFuntion2" time="0.000"/>
  <system-out/>
  <testcase classname="TestNgStudy.ParamDataPlusTest" name="LoginTestFuntion1" time="0.015"/>
  <system-out/>
  <testcase classname="TestNgStudy.ParamDataPlusTest" name="LoginTestFuntion2" time="0.001"/>
  <system-out/>
  <testcase classname="TestNgStudy.ParamDataPlusTest" name="LoginTestFuntion2" time="0.001"/>
  <system-out/>
  <testcase classname="TestNgStudy.ParamDataPlusTest" name="LoginTestFuntion2" time="0.000"/>
  <system-out/>
  <testcase classname="TestNgStudy.ParamDataPlusTest" name="LoginTestFuntion2" time="0.001"/>
  <system-out/>
  <testcase classname="TestNgStudy.ParamDataPlusTest" name="LoginTestFuntion2" time="0.000"/>
  <system-out/>
  <testcase classname="TestNgStudy.ParamDataPlusTest" name="LoginTestFuntion2" time="0.000"/>
  <system-out/>
</testsuite> <!-- TestNgStudy.ParamDataPlusTest -->
