<?xml version="1.0" encoding="UTF-8"?>
<!-- Generated by org.testng.reporters.JUnitReportReporter -->
<testsuite hostname="xuxu" failures="0" tests="8" name="TestNgStudy.ParamDataTestPlus" time="0.068" errors="0" timestamp="2022-07-19T15:21:12 CST" skipped="0">
  <testcase classname="TestNgStudy.ParamDataTestPlus" name="LoginTestFuntion2" time="0.000"/>
  <system-out/>
  <testcase classname="TestNgStudy.ParamDataTestPlus" name="LoginTestFuntion2" time="0.000"/>
  <system-out/>
  <testcase classname="TestNgStudy.ParamDataTestPlus" name="LoginTestFuntion2" time="0.001"/>
  <system-out/>
  <testcase classname="TestNgStudy.ParamDataTestPlus" name="LoginTestFuntion2" time="0.001"/>
  <system-out/>
  <testcase classname="TestNgStudy.ParamDataTestPlus" name="LoginTestFuntion2" time="0.000"/>
  <system-out/>
  <testcase classname="TestNgStudy.ParamDataTestPlus" name="LoginTestFuntion2" time="0.000"/>
  <system-out/>
  <testcase classname="TestNgStudy.ParamDataTestPlus" name="LoginTestFuntion1" time="0.065"/>
  <system-out/>
  <testcase classname="TestNgStudy.ParamDataTestPlus" name="LoginTestFuntion2" time="0.001"/>
  <system-out/>
</testsuite> <!-- TestNgStudy.ParamDataTestPlus -->
